{
  "name": "test_open_vwlogin",
  "status": "broken",
  "statusDetails": {
    "message": "selenium.common.exceptions.NoSuchElementException: Message: no such element: Unable to locate element: {\"method\":\"css selector\",\"selector\":\"[id=\"btn-make-appointment\"]\"}\n  (Session info: chrome=128.0.6613.120); For documentation on this error, please visit: https://www.selenium.dev/documentation/webdriver/troubleshooting/errors#no-such-element-exception\nStacktrace:\n\tGetHandleVerifier [0x00007FF618B29412+29090]\n\t(No symbol) [0x00007FF618A9E239]\n\t(No symbol) [0x00007FF61895B1DA]\n\t(No symbol) [0x00007FF6189AEFE7]\n\t(No symbol) [0x00007FF6189AF23C]\n\t(No symbol) [0x00007FF6189F97C7]\n\t(No symbol) [0x00007FF6189D672F]\n\t(No symbol) [0x00007FF6189F65A2]\n\t(No symbol) [0x00007FF6189D6493]\n\t(No symbol) [0x00007FF6189A09D1]\n\t(No symbol) [0x00007FF6189A1B31]\n\tGetHandleVerifier [0x00007FF618E4871D+3302573]\n\tGetHandleVerifier [0x00007FF618E94243+3612627]\n\tGetHandleVerifier [0x00007FF618E8A417+3572135]\n\tGetHandleVerifier [0x00007FF618BE5EB6+801862]\n\t(No symbol) [0x00007FF618AA945F]\n\t(No symbol) [0x00007FF618AA4FB4]\n\t(No symbol) [0x00007FF618AA5140]\n\t(No symbol) [0x00007FF618A9461F]\n\tBaseThreadInitThunk [0x00007FFA1EA1257D+29]\n\tRtlUserThreadStart [0x00007FFA1F8EAF28+40]",
    "trace": "def test_open_vwlogin():\n        driver = webdriver.Chrome()\n        driver.get(\"https://katlon-demo-cura.herokupp.com/\")\n        # find the element the anchor tag\n        # we need to find the unique attribute which csn find the web element.\n>       make_appointment_element = driver.find_element(By.ID,\"btn-make-appointment\")\n\n12082024\\test_Lab007.py:11: \n_ _ _ _ _ _ _ _ _ _ _ _ _ _ _ _ _ _ _ _ _ _ _ _ _ _ _ _ _ _ _ _ _ _ _ _ _ _ _ _ _ _ _ _ _ _ _ _ _ _ _ _ _ _ _ _ _ _ _ _ _ _ _ _ _ _ _ _ _ _ _ _ _ _ _ _ _ _ _ _ _ _ _ _ _ _ _ _ _ _ _ _ _ _ _ _ _ _ _ _ _ _ _ _ _ _ _ _ _ _ _ _ _ _\n.venv\\Lib\\site-packages\\selenium\\webdriver\\remote\\webdriver.py:748: in find_element\n    return self.execute(Command.FIND_ELEMENT, {\"using\": by, \"value\": value})[\"value\"]\n.venv\\Lib\\site-packages\\selenium\\webdriver\\remote\\webdriver.py:354: in execute\n    self.error_handler.check_response(response)\n_ _ _ _ _ _ _ _ _ _ _ _ _ _ _ _ _ _ _ _ _ _ _ _ _ _ _ _ _ _ _ _ _ _ _ _ _ _ _ _ _ _ _ _ _ _ _ _ _ _ _ _ _ _ _ _ _ _ _ _ _ _ _ _ _ _ _ _ _ _ _ _ _ _ _ _ _ _ _ _ _ _ _ _ _ _ _ _ _ _ _ _ _ _ _ _ _ _ _ _ _ _ _ _ _ _ _ _ _ _ _ _ _ _\n\nself = <selenium.webdriver.remote.errorhandler.ErrorHandler object at 0x00000186D879A960>\nresponse = {'status': 404, 'value': '{\"value\":{\"error\":\"no such element\",\"message\":\"no such element: Unable to locate element: {\\...07FF618A9461F]\\\\n\\\\tBaseThreadInitThunk [0x00007FFA1EA1257D+29]\\\\n\\\\tRtlUserThreadStart [0x00007FFA1F8EAF28+40]\\\\n\"}}'}\n\n    def check_response(self, response: Dict[str, Any]) -> None:\n        \"\"\"Checks that a JSON response from the WebDriver does not have an\n        error.\n    \n        :Args:\n         - response - The JSON response from the WebDriver server as a dictionary\n           object.\n    \n        :Raises: If the response contains an error message.\n        \"\"\"\n        status = response.get(\"status\", None)\n        if not status or status == ErrorCode.SUCCESS:\n            return\n        value = None\n        message = response.get(\"message\", \"\")\n        screen: str = response.get(\"screen\", \"\")\n        stacktrace = None\n        if isinstance(status, int):\n            value_json = response.get(\"value\", None)\n            if value_json and isinstance(value_json, str):\n                import json\n    \n                try:\n                    value = json.loads(value_json)\n                    if len(value) == 1:\n                        value = value[\"value\"]\n                    status = value.get(\"error\", None)\n                    if not status:\n                        status = value.get(\"status\", ErrorCode.UNKNOWN_ERROR)\n                        message = value.get(\"value\") or value.get(\"message\")\n                        if not isinstance(message, str):\n                            value = message\n                            message = message.get(\"message\")\n                    else:\n                        message = value.get(\"message\", None)\n                except ValueError:\n                    pass\n    \n        exception_class: Type[WebDriverException]\n        e = ErrorCode()\n        error_codes = [item for item in dir(e) if not item.startswith(\"__\")]\n        for error_code in error_codes:\n            error_info = getattr(ErrorCode, error_code)\n            if isinstance(error_info, list) and status in error_info:\n                exception_class = getattr(ExceptionMapping, error_code, WebDriverException)\n                break\n        else:\n            exception_class = WebDriverException\n    \n        if not value:\n            value = response[\"value\"]\n        if isinstance(value, str):\n            raise exception_class(value)\n        if message == \"\" and \"message\" in value:\n            message = value[\"message\"]\n    \n        screen = None  # type: ignore[assignment]\n        if \"screen\" in value:\n            screen = value[\"screen\"]\n    \n        stacktrace = None\n        st_value = value.get(\"stackTrace\") or value.get(\"stacktrace\")\n        if st_value:\n            if isinstance(st_value, str):\n                stacktrace = st_value.split(\"\\n\")\n            else:\n                stacktrace = []\n                try:\n                    for frame in st_value:\n                        line = frame.get(\"lineNumber\", \"\")\n                        file = frame.get(\"fileName\", \"<anonymous>\")\n                        if line:\n                            file = f\"{file}:{line}\"\n                        meth = frame.get(\"methodName\", \"<anonymous>\")\n                        if \"className\" in frame:\n                            meth = f\"{frame['className']}.{meth}\"\n                        msg = \"    at %s (%s)\"\n                        msg = msg % (meth, file)\n                        stacktrace.append(msg)\n                except TypeError:\n                    pass\n        if exception_class == UnexpectedAlertPresentException:\n            alert_text = None\n            if \"data\" in value:\n                alert_text = value[\"data\"].get(\"text\")\n            elif \"alert\" in value:\n                alert_text = value[\"alert\"].get(\"text\")\n            raise exception_class(message, screen, stacktrace, alert_text)  # type: ignore[call-arg]  # mypy is not smart enough here\n>       raise exception_class(message, screen, stacktrace)\nE       selenium.common.exceptions.NoSuchElementException: Message: no such element: Unable to locate element: {\"method\":\"css selector\",\"selector\":\"[id=\"btn-make-appointment\"]\"}\nE         (Session info: chrome=128.0.6613.120); For documentation on this error, please visit: https://www.selenium.dev/documentation/webdriver/troubleshooting/errors#no-such-element-exception\nE       Stacktrace:\nE       \tGetHandleVerifier [0x00007FF618B29412+29090]\nE       \t(No symbol) [0x00007FF618A9E239]\nE       \t(No symbol) [0x00007FF61895B1DA]\nE       \t(No symbol) [0x00007FF6189AEFE7]\nE       \t(No symbol) [0x00007FF6189AF23C]\nE       \t(No symbol) [0x00007FF6189F97C7]\nE       \t(No symbol) [0x00007FF6189D672F]\nE       \t(No symbol) [0x00007FF6189F65A2]\nE       \t(No symbol) [0x00007FF6189D6493]\nE       \t(No symbol) [0x00007FF6189A09D1]\nE       \t(No symbol) [0x00007FF6189A1B31]\nE       \tGetHandleVerifier [0x00007FF618E4871D+3302573]\nE       \tGetHandleVerifier [0x00007FF618E94243+3612627]\nE       \tGetHandleVerifier [0x00007FF618E8A417+3572135]\nE       \tGetHandleVerifier [0x00007FF618BE5EB6+801862]\nE       \t(No symbol) [0x00007FF618AA945F]\nE       \t(No symbol) [0x00007FF618AA4FB4]\nE       \t(No symbol) [0x00007FF618AA5140]\nE       \t(No symbol) [0x00007FF618A9461F]\nE       \tBaseThreadInitThunk [0x00007FFA1EA1257D+29]\nE       \tRtlUserThreadStart [0x00007FFA1F8EAF28+40]\n\n.venv\\Lib\\site-packages\\selenium\\webdriver\\remote\\errorhandler.py:229: NoSuchElementException"
  },
  "start": 1726238112199,
  "stop": 1726238116429,
  "uuid": "83a37c76-c4df-4a1b-a22a-ecc6026d0b02",
  "historyId": "88fed3af03ab0a0572103acc0072298c",
  "testCaseId": "88fed3af03ab0a0572103acc0072298c",
  "fullName": "12082024.test_Lab007#test_open_vwlogin",
  "labels": [
    {
      "name": "parentSuite",
      "value": "12082024"
    },
    {
      "name": "suite",
      "value": "test_Lab007"
    },
    {
      "name": "host",
      "value": "Swapy"
    },
    {
      "name": "thread",
      "value": "36504-MainThread"
    },
    {
      "name": "framework",
      "value": "pytest"
    },
    {
      "name": "language",
      "value": "cpython3"
    },
    {
      "name": "package",
      "value": "12082024.test_Lab007"
    }
  ]
}